2019-08-29 18:40:37.647+0000 INFO [o.n.g.f.m.e.CommunityEditionModule] No locking implementation specified, defaulting to 'forseti'
2019-08-29 18:40:38.269+0000 INFO [o.n.g.f.GraphDatabaseFacadeFactory] Creating 'graph.db' database.
2019-08-29 18:40:38.331+0000 INFO [o.n.k.i.f.StatementLocksFactorySelector] No services implementing StatementLocksFactory found. Using SimpleStatementLocksFactory
2019-08-29 18:40:38.362+0000 INFO [o.n.k.a.DatabaseAvailabilityGuard] Requirement `Database available` makes database graph.db unavailable.
2019-08-29 18:40:38.365+0000 INFO [o.n.k.a.DatabaseAvailabilityGuard] Database graph.db is unavailable.
2019-08-29 18:40:38.428+0000 INFO [o.n.i.d.DiagnosticsManager] --- INITIALIZED diagnostics START ---
2019-08-29 18:40:38.429+0000 INFO [o.n.i.d.DiagnosticsManager] Neo4j Kernel properties:
2019-08-29 18:40:38.429+0000 INFO [o.n.i.d.DiagnosticsManager] dbms.connector.http.enabled=true
2019-08-29 18:40:38.429+0000 INFO [o.n.i.d.DiagnosticsManager] causal_clustering.discovery_listen_address=0.0.0.0:5000
2019-08-29 18:40:38.429+0000 INFO [o.n.i.d.DiagnosticsManager] dbms.security.auth_enabled=true
2019-08-29 18:40:38.429+0000 INFO [o.n.i.d.DiagnosticsManager] dbms.connector.http.listen_address=0.0.0.0:7474
2019-08-29 18:40:38.430+0000 INFO [o.n.i.d.DiagnosticsManager] unsupported.dbms.directories.neo4j_home=/var/lib/neo4j
2019-08-29 18:40:38.430+0000 INFO [o.n.i.d.DiagnosticsManager] dbms.directories.import=import
2019-08-29 18:40:38.430+0000 INFO [o.n.i.d.DiagnosticsManager] causal_clustering.raft_advertised_address=0b2d112c3c04:7000
2019-08-29 18:40:38.430+0000 INFO [o.n.i.d.DiagnosticsManager] causal_clustering.raft_listen_address=0.0.0.0:7000
2019-08-29 18:40:38.430+0000 INFO [o.n.i.d.DiagnosticsManager] ACCEPT.LICENSE.AGREEMENT=yes
2019-08-29 18:40:38.431+0000 INFO [o.n.i.d.DiagnosticsManager] ha.host.coordination=0b2d112c3c04:5001
2019-08-29 18:40:38.431+0000 INFO [o.n.i.d.DiagnosticsManager] dbms.connector.https.enabled=true
2019-08-29 18:40:38.431+0000 INFO [o.n.i.d.DiagnosticsManager] dbms.jvm.additional=-XX:+UseG1GC
2019-08-29 18:40:38.431+0000 INFO [o.n.i.d.DiagnosticsManager] dbms.tx_log.rotation.retention_policy=100M size
2019-08-29 18:40:38.431+0000 INFO [o.n.i.d.DiagnosticsManager] dbms.connectors.default_listen_address=0.0.0.0
2019-08-29 18:40:38.432+0000 INFO [o.n.i.d.DiagnosticsManager] EDITION=enterprise
2019-08-29 18:40:38.432+0000 INFO [o.n.i.d.DiagnosticsManager] dbms.windows_service_name=neo4j
2019-08-29 18:40:38.432+0000 INFO [o.n.i.d.DiagnosticsManager] dbms.connector.https.listen_address=0.0.0.0:7473
2019-08-29 18:40:38.432+0000 INFO [o.n.i.d.DiagnosticsManager] dbms.connector.bolt.listen_address=0.0.0.0:7687
2019-08-29 18:40:38.432+0000 INFO [o.n.i.d.DiagnosticsManager] causal_clustering.transaction_advertised_address=0b2d112c3c04:6000
2019-08-29 18:40:38.432+0000 INFO [o.n.i.d.DiagnosticsManager] causal_clustering.discovery_advertised_address=0b2d112c3c04:5000
2019-08-29 18:40:38.433+0000 INFO [o.n.i.d.DiagnosticsManager] dbms.memory.pagecache.size=512M
2019-08-29 18:40:38.433+0000 INFO [o.n.i.d.DiagnosticsManager] ha.host.data=0b2d112c3c04:6001
2019-08-29 18:40:38.433+0000 INFO [o.n.i.d.DiagnosticsManager] unsupported.dbms.edition=enterprise
2019-08-29 18:40:38.433+0000 INFO [o.n.i.d.DiagnosticsManager] dbms.directories.logs=/logs
2019-08-29 18:40:38.433+0000 INFO [o.n.i.d.DiagnosticsManager] dbms.connector.bolt.enabled=true
2019-08-29 18:40:38.433+0000 INFO [o.n.i.d.DiagnosticsManager] causal_clustering.transaction_listen_address=0.0.0.0:6000
2019-08-29 18:40:38.433+0000 INFO [o.n.i.d.DiagnosticsManager] wrapper.java.additional=-Dneo4j.ext.udc.source=docker
2019-08-29 18:40:38.434+0000 INFO [o.n.i.d.DiagnosticsManager] dbms.directories.plugins=/plugins
2019-08-29 18:40:38.434+0000 INFO [o.n.i.d.DiagnosticsManager] HOME=/var/lib/neo4j
2019-08-29 18:40:38.434+0000 INFO [o.n.i.d.DiagnosticsManager] Diagnostics providers:
2019-08-29 18:40:38.434+0000 INFO [o.n.i.d.DiagnosticsManager] org.neo4j.kernel.configuration.Config
2019-08-29 18:40:38.434+0000 INFO [o.n.i.d.DiagnosticsManager] org.neo4j.internal.diagnostics.DiagnosticsManager
2019-08-29 18:40:38.434+0000 INFO [o.n.i.d.DiagnosticsManager] SYSTEM_MEMORY
2019-08-29 18:40:38.435+0000 INFO [o.n.i.d.DiagnosticsManager] JAVA_MEMORY
2019-08-29 18:40:38.435+0000 INFO [o.n.i.d.DiagnosticsManager] OPERATING_SYSTEM
2019-08-29 18:40:38.435+0000 INFO [o.n.i.d.DiagnosticsManager] JAVA_VIRTUAL_MACHINE
2019-08-29 18:40:38.435+0000 INFO [o.n.i.d.DiagnosticsManager] CLASSPATH
2019-08-29 18:40:38.435+0000 INFO [o.n.i.d.DiagnosticsManager] LIBRARY_PATH
2019-08-29 18:40:38.435+0000 INFO [o.n.i.d.DiagnosticsManager] SYSTEM_PROPERTIES
2019-08-29 18:40:38.435+0000 INFO [o.n.i.d.DiagnosticsManager] TIMEZONE_DATABASE
2019-08-29 18:40:38.436+0000 INFO [o.n.i.d.DiagnosticsManager] LINUX_SCHEDULERS
2019-08-29 18:40:38.436+0000 INFO [o.n.i.d.DiagnosticsManager] NETWORK
2019-08-29 18:40:38.436+0000 INFO [o.n.i.d.DiagnosticsManager] System memory information:
2019-08-29 18:40:38.446+0000 INFO [o.n.i.d.DiagnosticsManager] Total Physical memory: 7.61 GB
2019-08-29 18:40:38.446+0000 INFO [o.n.i.d.DiagnosticsManager] Free Physical memory: 5.58 GB
2019-08-29 18:40:38.446+0000 INFO [o.n.i.d.DiagnosticsManager] Committed virtual memory: 4.84 GB
2019-08-29 18:40:38.447+0000 INFO [o.n.i.d.DiagnosticsManager] Total swap space: 7.87 GB
2019-08-29 18:40:38.447+0000 INFO [o.n.i.d.DiagnosticsManager] Free swap space: 7.87 GB
2019-08-29 18:40:38.447+0000 INFO [o.n.i.d.DiagnosticsManager] JVM memory information:
2019-08-29 18:40:38.447+0000 INFO [o.n.i.d.DiagnosticsManager] Free  memory: 85.00 MB
2019-08-29 18:40:38.447+0000 INFO [o.n.i.d.DiagnosticsManager] Total memory: 122.00 MB
2019-08-29 18:40:38.448+0000 INFO [o.n.i.d.DiagnosticsManager] Max   memory: 1.90 GB
2019-08-29 18:40:38.453+0000 INFO [o.n.i.d.DiagnosticsManager] Garbage Collector: G1 Young Generation: [G1 Eden Space, G1 Survivor Space, G1 Old Gen]
2019-08-29 18:40:38.453+0000 INFO [o.n.i.d.DiagnosticsManager] Garbage Collector: G1 Old Generation: [G1 Eden Space, G1 Survivor Space, G1 Old Gen]
2019-08-29 18:40:38.454+0000 INFO [o.n.i.d.DiagnosticsManager] Memory Pool: Code Cache (Non-heap memory): committed=6.75 MB, used=6.72 MB, max=240.00 MB, threshold=0.00 B
2019-08-29 18:40:38.454+0000 INFO [o.n.i.d.DiagnosticsManager] Memory Pool: Metaspace (Non-heap memory): committed=22.05 MB, used=20.95 MB, max=-1.00 B, threshold=0.00 B
2019-08-29 18:40:38.455+0000 INFO [o.n.i.d.DiagnosticsManager] Memory Pool: Compressed Class Space (Non-heap memory): committed=2.80 MB, used=2.52 MB, max=1.00 GB, threshold=0.00 B
2019-08-29 18:40:38.455+0000 INFO [o.n.i.d.DiagnosticsManager] Memory Pool: G1 Eden Space (Heap memory): committed=70.00 MB, used=18.00 MB, max=-1.00 B, threshold=?
2019-08-29 18:40:38.455+0000 INFO [o.n.i.d.DiagnosticsManager] Memory Pool: G1 Survivor Space (Heap memory): committed=7.00 MB, used=7.00 MB, max=-1.00 B, threshold=?
2019-08-29 18:40:38.456+0000 INFO [o.n.i.d.DiagnosticsManager] Memory Pool: G1 Old Gen (Heap memory): committed=45.00 MB, used=10.50 MB, max=1.90 GB, threshold=0.00 B
2019-08-29 18:40:38.456+0000 INFO [o.n.i.d.DiagnosticsManager] Operating system information:
2019-08-29 18:40:38.457+0000 INFO [o.n.i.d.DiagnosticsManager] Operating System: Linux; version: 3.10.0-957.el7.x86_64; arch: amd64; cpus: 4
2019-08-29 18:40:38.457+0000 INFO [o.n.i.d.DiagnosticsManager] Max number of file descriptors: 1048576
2019-08-29 18:40:38.458+0000 INFO [o.n.i.d.DiagnosticsManager] Number of open file descriptors: 200
2019-08-29 18:40:38.461+0000 INFO [o.n.i.d.DiagnosticsManager] Process id: 7@0b2d112c3c04
2019-08-29 18:40:38.461+0000 INFO [o.n.i.d.DiagnosticsManager] Byte order: LITTLE_ENDIAN
2019-08-29 18:40:38.469+0000 INFO [o.n.i.d.DiagnosticsManager] Local timezone: Etc/UTC
2019-08-29 18:40:38.469+0000 INFO [o.n.i.d.DiagnosticsManager] JVM information:
2019-08-29 18:40:38.469+0000 INFO [o.n.i.d.DiagnosticsManager] VM Name: OpenJDK 64-Bit Server VM
2019-08-29 18:40:38.469+0000 INFO [o.n.i.d.DiagnosticsManager] VM Vendor: Oracle Corporation
2019-08-29 18:40:38.469+0000 INFO [o.n.i.d.DiagnosticsManager] VM Version: 25.222-b10
2019-08-29 18:40:38.470+0000 INFO [o.n.i.d.DiagnosticsManager] JIT compiler: HotSpot 64-Bit Tiered Compilers
2019-08-29 18:40:38.471+0000 INFO [o.n.i.d.DiagnosticsManager] VM Arguments: [-XX:+UseG1GC, -XX:-OmitStackTraceInFastThrow, -XX:+AlwaysPreTouch, -XX:+UnlockExperimentalVMOptions, -XX:+TrustFinalNonStaticFields, -XX:+DisableExplicitGC, -Djdk.tls.ephemeralDHKeySize=2048, -Djdk.tls.rejectClientInitiatedRenegotiation=true, -Dunsupported.dbms.udc.source=tarball, -Dfile.encoding=UTF-8]
2019-08-29 18:40:38.471+0000 INFO [o.n.i.d.DiagnosticsManager] Java classpath:
2019-08-29 18:40:38.484+0000 INFO [o.n.i.d.DiagnosticsManager]  [classpath + loader.0] file:/var/lib/neo4j/lib/jackson-core-asl-1.9.13.jar
2019-08-29 18:40:38.484+0000 INFO [o.n.i.d.DiagnosticsManager]  [classpath + loader.0] file:/var/lib/neo4j/lib/akka-cluster-tools_2.11-2.5.22.jar
2019-08-29 18:40:38.484+0000 INFO [o.n.i.d.DiagnosticsManager]  [classpath + loader.0] file:/var/lib/neo4j/lib/simpleclient_common-0.5.0.jar
2019-08-29 18:40:38.484+0000 INFO [o.n.i.d.DiagnosticsManager]  [classpath + loader.0] file:/var/lib/neo4j/lib/asm-analysis-6.2.jar
2019-08-29 18:40:38.484+0000 INFO [o.n.i.d.DiagnosticsManager]  [classpath + loader.0] file:/var/lib/neo4j/lib/jetty-http-9.4.17.v20190418.jar
2019-08-29 18:40:38.484+0000 INFO [o.n.i.d.DiagnosticsManager]  [loader.1] file:/usr/local/openjdk-8/lib/ext/zipfs.jar
2019-08-29 18:40:38.484+0000 INFO [o.n.i.d.DiagnosticsManager]  [classpath + loader.0] file:/var/lib/neo4j/lib/concurrentlinkedhashmap-lru-1.4.2.jar
2019-08-29 18:40:38.485+0000 INFO [o.n.i.d.DiagnosticsManager]  [classpath + loader.0] file:/var/lib/neo4j/lib/jPowerShell-1.9.jar
2019-08-29 18:40:38.485+0000 INFO [o.n.i.d.DiagnosticsManager]  [classpath + loader.0] file:/var/lib/neo4j/lib/neo4j-lucene-index-3.5.8.jar
2019-08-29 18:40:38.485+0000 INFO [o.n.i.d.DiagnosticsManager]  [classpath + loader.0] file:/var/lib/neo4j/lib/netty-3.9.9.Final.jar
2019-08-29 18:40:38.485+0000 INFO [o.n.i.d.DiagnosticsManager]  [classpath + loader.0] file:/var/lib/neo4j/lib/neo4j-graphdb-api-3.5.8.jar
2019-08-29 18:40:38.485+0000 INFO [o.n.i.d.DiagnosticsManager]  [loader.1] file:/usr/local/openjdk-8/lib/ext/sunec.jar
2019-08-29 18:40:38.485+0000 INFO [o.n.i.d.DiagnosticsManager]  [classpath + loader.0] file:/var/lib/neo4j/lib/neo4j-3.5.8.jar
2019-08-29 18:40:38.485+0000 INFO [o.n.i.d.DiagnosticsManager]  [classpath + loader.0] file:/plugins/*
2019-08-29 18:40:38.485+0000 INFO [o.n.i.d.DiagnosticsManager]  [classpath + loader.0] file:/var/lib/neo4j/lib/neo4j-io-3.5.8.jar
2019-08-29 18:40:38.485+0000 INFO [o.n.i.d.DiagnosticsManager]  [classpath + loader.0] file:/var/lib/neo4j/lib/jetty-io-9.4.17.v20190418.jar
2019-08-29 18:40:38.485+0000 INFO [o.n.i.d.DiagnosticsManager]  [classpath + loader.0] file:/var/lib/neo4j/lib/jaxb-runtime-2.3.0.1.jar
2019-08-29 18:40:38.485+0000 INFO [o.n.i.d.DiagnosticsManager]  [classpath + loader.0] file:/var/lib/neo4j/lib/neo4j-causal-clustering-3.5.8.jar
2019-08-29 18:40:38.486+0000 INFO [o.n.i.d.DiagnosticsManager]  [classpath + loader.0] file:/var/lib/neo4j/lib/commons-io-2.6.jar
2019-08-29 18:40:38.486+0000 INFO [o.n.i.d.DiagnosticsManager]  [classpath + loader.0] file:/var/lib/neo4j/lib/neo4j-configuration-3.5.8.jar
2019-08-29 18:40:38.486+0000 INFO [o.n.i.d.DiagnosticsManager]  [classpath + loader.0] file:/var/lib/neo4j/lib/neo4j-csv-3.5.8.jar
2019-08-29 18:40:38.486+0000 INFO [o.n.i.d.DiagnosticsManager]  [classpath + loader.0] file:/var/lib/neo4j/lib/server-api-3.5.8.jar
2019-08-29 18:40:38.486+0000 INFO [o.n.i.d.DiagnosticsManager]  [classpath + loader.0] file:/var/lib/neo4j/lib/jersey-core-1.19.3.jar
2019-08-29 18:40:38.486+0000 INFO [o.n.i.d.DiagnosticsManager]  [classpath + loader.0] file:/var/lib/neo4j/lib/commons-configuration-1.10.jar
2019-08-29 18:40:38.486+0000 INFO [o.n.i.d.DiagnosticsManager]  [classpath + loader.0] file:/var/lib/neo4j/lib/neo4j-cypher-logical-plans-3.4-3.4.14.jar
2019-08-29 18:40:38.486+0000 INFO [o.n.i.d.DiagnosticsManager]  [classpath + loader.0] file:/var/lib/neo4j/lib/neo4j-rewriting-3.5-3.5.8.jar
2019-08-29 18:40:38.486+0000 INFO [o.n.i.d.DiagnosticsManager]  [classpath + loader.0] file:/var/lib/neo4j/lib/scala-library-2.11.12.jar
2019-08-29 18:40:38.486+0000 INFO [o.n.i.d.DiagnosticsManager]  [classpath + loader.0] file:/var/lib/neo4j/lib/neo4j-collections-3.5.8.jar
2019-08-29 18:40:38.486+0000 INFO [o.n.i.d.DiagnosticsManager]  [classpath + loader.0] file:/var/lib/neo4j/lib/neo4j-cypher-ir-3.4-3.4.14.jar
2019-08-29 18:40:38.486+0000 INFO [o.n.i.d.DiagnosticsManager]  [classpath + loader.0] file:/var/lib/neo4j/lib/openCypher-frontend-1-3.4.14.jar
2019-08-29 18:40:38.487+0000 INFO [o.n.i.d.DiagnosticsManager]  [classpath + loader.0] file:/var/lib/neo4j/lib/neo4j-parser-3.5-3.5.8.jar
2019-08-29 18:40:38.487+0000 INFO [o.n.i.d.DiagnosticsManager]  [classpath + loader.0] file:/var/lib/neo4j/lib/neo4j-resource-3.5.8.jar
2019-08-29 18:40:38.487+0000 INFO [o.n.i.d.DiagnosticsManager]  [loader.1] file:/usr/local/openjdk-8/lib/ext/localedata.jar
2019-08-29 18:40:38.487+0000 INFO [o.n.i.d.DiagnosticsManager]  [classpath + loader.0] file:/var/lib/neo4j/lib/jaxb-core-2.3.0.1.jar
2019-08-29 18:40:38.487+0000 INFO [o.n.i.d.DiagnosticsManager]  [classpath + loader.0] file:/var/lib/neo4j/lib/neo4j-diagnostics-3.5.8.jar
2019-08-29 18:40:38.487+0000 INFO [o.n.i.d.DiagnosticsManager]  [bootstrap] /usr/local/openjdk-8/lib/sunrsasign.jar
2019-08-29 18:40:38.487+0000 INFO [o.n.i.d.DiagnosticsManager]  [classpath + loader.0] file:/var/lib/neo4j/lib/jProcesses-1.6.4.jar
2019-08-29 18:40:38.487+0000 INFO [o.n.i.d.DiagnosticsManager]  [classpath + loader.0] file:/var/lib/neo4j/lib/neo4j-cypher-planner-spi-3.4-3.4.14.jar
2019-08-29 18:40:38.487+0000 INFO [o.n.i.d.DiagnosticsManager]  [classpath + loader.0] file:/var/lib/neo4j/lib/neo4j-kernel-commercial-3.5.8.jar
2019-08-29 18:40:38.487+0000 INFO [o.n.i.d.DiagnosticsManager]  [classpath + loader.0] file:/var/lib/neo4j/lib/neo4j-front-end-3.5-3.5.8.jar
2019-08-29 18:40:38.487+0000 INFO [o.n.i.d.DiagnosticsManager]  [classpath + loader.0] file:/var/lib/neo4j/lib/asm-util-6.2.jar
2019-08-29 18:40:38.487+0000 INFO [o.n.i.d.DiagnosticsManager]  [classpath + loader.0] file:/var/lib/neo4j/lib/config-1.3.3.jar
2019-08-29 18:40:38.488+0000 INFO [o.n.i.d.DiagnosticsManager]  [classpath + loader.0] file:/var/lib/neo4j/lib/commons-lang-2.6.jar
2019-08-29 18:40:38.488+0000 INFO [o.n.i.d.DiagnosticsManager]  [classpath + loader.0] file:/var/lib/neo4j/lib/commons-compress-1.18.jar
2019-08-29 18:40:38.488+0000 INFO [o.n.i.d.DiagnosticsManager]  [classpath + loader.0] file:/var/lib/neo4j/lib/lucene-codecs-5.5.5.jar
2019-08-29 18:40:38.488+0000 INFO [o.n.i.d.DiagnosticsManager]  [classpath + loader.0] file:/var/lib/neo4j/lib/neo4j-cypher-logical-plans-3.5-3.5.8.jar
2019-08-29 18:40:38.488+0000 INFO [o.n.i.d.DiagnosticsManager]  [classpath + loader.0] file:/var/lib/neo4j/lib/akka-distributed-data_2.11-2.5.22.jar
2019-08-29 18:40:38.488+0000 INFO [o.n.i.d.DiagnosticsManager]  [classpath + loader.0] file:/var/lib/neo4j/lib/simpleclient-0.5.0.jar
2019-08-29 18:40:38.488+0000 INFO [o.n.i.d.DiagnosticsManager]  [classpath + loader.0] file:/var/lib/neo4j/lib/eclipse-collections-9.2.0.jar
2019-08-29 18:40:38.488+0000 INFO [o.n.i.d.DiagnosticsManager]  [classpath + loader.0] file:/var/lib/neo4j/lib/neo4j-cypher-morsel-runtime-3.5.8.jar
2019-08-29 18:40:38.488+0000 INFO [o.n.i.d.DiagnosticsManager]  [classpath + loader.0] file:/var/lib/neo4j/lib/neo4j-import-tool-3.5.8.jar
2019-08-29 18:40:38.488+0000 INFO [o.n.i.d.DiagnosticsManager]  [classpath + loader.0] file:/var/lib/neo4j/lib/neo4j-enterprise-kernel-3.5.8.jar
2019-08-29 18:40:38.488+0000 INFO [o.n.i.d.DiagnosticsManager]  [classpath + loader.0] file:/var/lib/neo4j/lib/neo4j-com-3.5.8.jar
2019-08-29 18:40:38.488+0000 INFO [o.n.i.d.DiagnosticsManager]  [classpath + loader.0] file:/var/lib/neo4j/lib/neo4j-legacy-3.5.8.jar
2019-08-29 18:40:38.489+0000 INFO [o.n.i.d.DiagnosticsManager]  [classpath + loader.0] file:/var/lib/neo4j/lib/neo4j-security-commercial-3.5.8.jar
2019-08-29 18:40:38.489+0000 INFO [o.n.i.d.DiagnosticsManager]  [classpath + loader.0] file:/var/lib/neo4j/lib/scallop_2.11-2.1.1.jar
2019-08-29 18:40:38.489+0000 INFO [o.n.i.d.DiagnosticsManager]  [classpath + loader.0] file:/var/lib/neo4j/lib/neo4j-cluster-3.5.8.jar
2019-08-29 18:40:38.489+0000 INFO [o.n.i.d.DiagnosticsManager]  [classpath + loader.0] file:/var/lib/neo4j/lib/opencsv-2.3.jar
2019-08-29 18:40:38.489+0000 INFO [o.n.i.d.DiagnosticsManager]  [classpath + loader.0] file:/var/lib/neo4j/lib/aeron-client-1.15.1.jar
2019-08-29 18:40:38.489+0000 INFO [o.n.i.d.DiagnosticsManager]  [classpath + loader.0] file:/var/lib/neo4j/lib/parboiled-scala_2.11-1.1.7.jar
2019-08-29 18:40:38.489+0000 INFO [o.n.i.d.DiagnosticsManager]  [classpath + loader.0] file:/var/lib/neo4j/lib/neo4j-util-3.5-3.5.8.jar
2019-08-29 18:40:38.489+0000 INFO [o.n.i.d.DiagnosticsManager]  [classpath + loader.0] file:/var/lib/neo4j/lib/shiro-cache-1.4.0.jar
2019-08-29 18:40:38.489+0000 INFO [o.n.i.d.DiagnosticsManager]  [classpath + loader.0] file:/var/lib/neo4j/lib/zstd-proxy-3.5.8.jar
2019-08-29 18:40:38.489+0000 INFO [o.n.i.d.DiagnosticsManager]  [classpath + loader.0] file:/var/lib/neo4j/lib/kiama_2.11-2.1.0.jar
2019-08-29 18:40:38.489+0000 INFO [o.n.i.d.DiagnosticsManager]  [bootstrap] /usr/local/openjdk-8/classes
2019-08-29 18:40:38.489+0000 INFO [o.n.i.d.DiagnosticsManager]  [classpath + loader.0] file:/var/lib/neo4j/lib/jetty-servlet-9.4.17.v20190418.jar
2019-08-29 18:40:38.490+0000 INFO [o.n.i.d.DiagnosticsManager]  [classpath + loader.0] file:/var/lib/neo4j/lib/neo4j-udc-3.5.8.jar
2019-08-29 18:40:38.490+0000 INFO [o.n.i.d.DiagnosticsManager]  [classpath + loader.0] file:/var/lib/neo4j/lib/akka-stream_2.11-2.5.22.jar
2019-08-29 18:40:38.490+0000 INFO [o.n.i.d.DiagnosticsManager]  [classpath + loader.0] file:/var/lib/neo4j/lib/scala-parser-combinators_2.11-1.1.1.jar
2019-08-29 18:40:38.490+0000 INFO [o.n.i.d.DiagnosticsManager]  [classpath + loader.0] file:/var/lib/neo4j/lib/lz4-1.3.0.jar
2019-08-29 18:40:38.490+0000 INFO [o.n.i.d.DiagnosticsManager]  [classpath + loader.0] file:/var/lib/neo4j/lib/neo4j-cypher-planner-3.5-3.5.8.jar
2019-08-29 18:40:38.490+0000 INFO [o.n.i.d.DiagnosticsManager]  [classpath + loader.0] file:/var/lib/neo4j/lib/neo4j-unsafe-3.5.8.jar
2019-08-29 18:40:38.490+0000 INFO [o.n.i.d.DiagnosticsManager]  [classpath + loader.0] file:/var/lib/neo4j/lib/neo4j-values-3.5.8.jar
2019-08-29 18:40:38.490+0000 INFO [o.n.i.d.DiagnosticsManager]  [classpath + loader.0] file:/var/lib/neo4j/lib/eclipse-collections-api-9.2.0.jar
2019-08-29 18:40:38.490+0000 INFO [o.n.i.d.DiagnosticsManager]  [classpath + loader.0] file:/var/lib/neo4j/lib/reactive-streams-1.0.2.jar
2019-08-29 18:40:38.490+0000 INFO [o.n.i.d.DiagnosticsManager]  [classpath + loader.0] file:/var/lib/neo4j/lib/neo4j-bolt-3.5.8.jar
2019-08-29 18:40:38.490+0000 INFO [o.n.i.d.DiagnosticsManager]  [classpath + loader.0] file:/var/lib/neo4j/lib/jackson-mapper-asl-1.9.13.jar
2019-08-29 18:40:38.490+0000 INFO [o.n.i.d.DiagnosticsManager]  [classpath + loader.0] file:/var/lib/neo4j/lib/neo4j-cypher-expression-evaluator-3.5.8.jar
2019-08-29 18:40:38.491+0000 INFO [o.n.i.d.DiagnosticsManager]  [bootstrap] /usr/local/openjdk-8/lib/jfr.jar
2019-08-29 18:40:38.491+0000 INFO [o.n.i.d.DiagnosticsManager]  [classpath + loader.0] file:/var/lib/neo4j/lib/neo4j-cypher-slotted-runtime-3.5.8.jar
2019-08-29 18:40:38.491+0000 INFO [o.n.i.d.DiagnosticsManager]  [classpath + loader.0] file:/var/lib/neo4j/lib/lucene-queryparser-5.5.5.jar
2019-08-29 18:40:38.491+0000 INFO [o.n.i.d.DiagnosticsManager]  [classpath + loader.0] file:/var/lib/neo4j/lib/bcprov-jdk15on-1.60.jar
2019-08-29 18:40:38.491+0000 INFO [o.n.i.d.DiagnosticsManager]  [classpath + loader.0] file:/var/lib/neo4j/lib/jackson-jaxrs-1.9.13.jar
2019-08-29 18:40:38.491+0000 INFO [o.n.i.d.DiagnosticsManager]  [classpath + loader.0] file:/var/lib/neo4j/lib/neo4j-cypher-frontend-3.1-3.1.9.jar
2019-08-29 18:40:38.491+0000 INFO [o.n.i.d.DiagnosticsManager]  [classpath + loader.0] file:/var/lib/neo4j/lib/shiro-crypto-cipher-1.4.0.jar
2019-08-29 18:40:38.491+0000 INFO [o.n.i.d.DiagnosticsManager]  [classpath + loader.0] file:/var/lib/neo4j/lib/neo4j-command-line-3.5.8.jar
2019-08-29 18:40:38.491+0000 INFO [o.n.i.d.DiagnosticsManager]  [classpath + loader.0] file:/var/lib/neo4j/lib/neo4j-backup-3.5.8.jar
2019-08-29 18:40:38.491+0000 INFO [o.n.i.d.DiagnosticsManager]  [classpath + loader.0] file:/var/lib/neo4j/lib/istack-commons-runtime-3.0.5.jar
2019-08-29 18:40:38.492+0000 INFO [o.n.i.d.DiagnosticsManager]  [classpath + loader.0] file:/var/lib/neo4j/lib/neo4j-cypher-expression-3.4-3.4.14.jar
2019-08-29 18:40:38.492+0000 INFO [o.n.i.d.DiagnosticsManager]  [classpath + loader.0] file:/var/lib/neo4j/lib/neo4j-common-3.5.8.jar
2019-08-29 18:40:38.492+0000 INFO [o.n.i.d.DiagnosticsManager]  [classpath + loader.0] file:/plugins/
2019-08-29 18:40:38.492+0000 INFO [o.n.i.d.DiagnosticsManager]  [classpath + loader.0] file:/var/lib/neo4j/lib/lucene-analyzers-common-5.5.5.jar
2019-08-29 18:40:38.492+0000 INFO [o.n.i.d.DiagnosticsManager]  [classpath + loader.0] file:/var/lib/neo4j/lib/neo4j-cypher-physical-planning-3.5.8.jar
2019-08-29 18:40:38.492+0000 INFO [o.n.i.d.DiagnosticsManager]  [classpath + loader.0] file:/var/lib/neo4j/lib/neo4j-index-3.5.8.jar
2019-08-29 18:40:38.492+0000 INFO [o.n.i.d.DiagnosticsManager]  [classpath + loader.0] file:/var/lib/neo4j/lib/neo4j-spatial-index-3.5.8.jar
2019-08-29 18:40:38.492+0000 INFO [o.n.i.d.DiagnosticsManager]  [classpath + loader.0] file:/var/lib/neo4j/lib/commons-logging-1.1.1.jar
2019-08-29 18:40:38.492+0000 INFO [o.n.i.d.DiagnosticsManager]  [classpath + loader.0] file:/var/lib/neo4j/lib/commons-text-1.4.jar
2019-08-29 18:40:38.492+0000 INFO [o.n.i.d.DiagnosticsManager]  [classpath + loader.0] file:/var/lib/neo4j/lib/neo4j-cypher-interpreted-runtime-3.5.8.jar
2019-08-29 18:40:38.492+0000 INFO [o.n.i.d.DiagnosticsManager]  [classpath + loader.0] file:/var/lib/neo4j/lib/neo4j-graph-matching-3.1.9.jar
2019-08-29 18:40:38.492+0000 INFO [o.n.i.d.DiagnosticsManager]  [classpath + loader.0] file:/var/lib/neo4j/lib/neo4j-expressions-3.5-3.5.8.jar
2019-08-29 18:40:38.492+0000 INFO [o.n.i.d.DiagnosticsManager]  [classpath + loader.0] file:/var/lib/neo4j/lib/jetty-security-9.4.17.v20190418.jar
2019-08-29 18:40:38.492+0000 INFO [o.n.i.d.DiagnosticsManager]  [classpath + loader.0] file:/var/lib/neo4j/lib/neo4j-auth-plugin-api-3.5.8.jar
2019-08-29 18:40:38.493+0000 INFO [o.n.i.d.DiagnosticsManager]  [classpath + loader.0] file:/var/lib/neo4j/lib/neo4j-server-enterprise-3.5.8.jar
2019-08-29 18:40:38.493+0000 INFO [o.n.i.d.DiagnosticsManager]  [classpath + loader.0] file:/var/lib/neo4j/lib/neo4j-lucene-upgrade-3.5.8.jar
2019-08-29 18:40:38.493+0000 INFO [o.n.i.d.DiagnosticsManager]  [classpath + loader.0] file:/var/lib/neo4j/lib/neo4j-cypher-compiled-expressions-3.5.8.jar
2019-08-29 18:40:38.493+0000 INFO [o.n.i.d.DiagnosticsManager]  [classpath + loader.0] file:/var/lib/neo4j/lib/jline-2.14.3.jar
2019-08-29 18:40:38.493+0000 INFO [o.n.i.d.DiagnosticsManager]  [classpath + loader.0] file:/var/lib/neo4j/lib/shiro-crypto-core-1.4.0.jar
2019-08-29 18:40:38.493+0000 INFO [o.n.i.d.DiagnosticsManager]  [classpath + loader.0] file:/var/lib/neo4j/lib/neo4j-procedure-api-3.5.8.jar
2019-08-29 18:40:38.493+0000 INFO [o.n.i.d.DiagnosticsManager]  [classpath + loader.0] file:/var/lib/neo4j/lib/neo4j-fulltext-index-3.5.8.jar
2019-08-29 18:40:38.493+0000 INFO [o.n.i.d.DiagnosticsManager]  [classpath + loader.0] file:/var/lib/neo4j/lib/neo4j-cypher-ir-3.5-3.5.8.jar
2019-08-29 18:40:38.493+0000 INFO [o.n.i.d.DiagnosticsManager]  [loader.1] file:/usr/local/openjdk-8/lib/ext/sunjce_provider.jar
2019-08-29 18:40:38.493+0000 INFO [o.n.i.d.DiagnosticsManager]  [classpath + loader.0] file:/var/lib/neo4j/lib/jersey-server-1.19.3.jar
2019-08-29 18:40:38.493+0000 INFO [o.n.i.d.DiagnosticsManager]  [classpath + loader.0] file:/var/lib/neo4j/lib/neo4j-data-collector-3.5.8.jar
2019-08-29 18:40:38.493+0000 INFO [o.n.i.d.DiagnosticsManager]  [classpath + loader.0] file:/var/lib/neo4j/lib/jetty-client-9.4.17.v20190418.jar
2019-08-29 18:40:38.493+0000 INFO [o.n.i.d.DiagnosticsManager]  [classpath + loader.0] file:/var/lib/neo4j/lib/neo4j-dbms-3.5.8.jar
2019-08-29 18:40:38.493+0000 INFO [o.n.i.d.DiagnosticsManager]  [classpath + loader.0] file:/var/lib/neo4j/lib/simpleclient_dropwizard-0.5.0.jar
2019-08-29 18:40:38.494+0000 INFO [o.n.i.d.DiagnosticsManager]  [loader.1] file:/usr/local/openjdk-8/lib/ext/dnsns.jar
2019-08-29 18:40:38.494+0000 INFO [o.n.i.d.DiagnosticsManager]  [classpath + loader.0] file:/var/lib/neo4j/lib/neo4j-kernel-api-3.5.8.jar
2019-08-29 18:40:38.494+0000 INFO [o.n.i.d.DiagnosticsManager]  [classpath + loader.0] file:/var/lib/neo4j/lib/jetty-webapp-9.4.17.v20190418.jar
2019-08-29 18:40:38.494+0000 INFO [o.n.i.d.DiagnosticsManager]  [classpath + loader.0] file:/var/lib/neo4j/lib/jetty-xml-9.4.17.v20190418.jar
2019-08-29 18:40:38.494+0000 INFO [o.n.i.d.DiagnosticsManager]  [classpath + loader.0] file:/var/lib/neo4j/lib/asm-6.2.jar
2019-08-29 18:40:38.494+0000 INFO [o.n.i.d.DiagnosticsManager]  [classpath + loader.0] file:/var/lib/neo4j/lib/neo4j-cypher-runtime-util-3.5.8.jar
2019-08-29 18:40:38.494+0000 INFO [o.n.i.d.DiagnosticsManager]  [loader.1] file:/usr/local/openjdk-8/lib/ext/cldrdata.jar
2019-08-29 18:40:38.494+0000 INFO [o.n.i.d.DiagnosticsManager]  [bootstrap] /usr/local/openjdk-8/lib/charsets.jar
2019-08-29 18:40:38.494+0000 INFO [o.n.i.d.DiagnosticsManager]  [classpath + loader.0] file:/var/lib/neo4j/lib/shiro-config-core-1.4.0.jar
2019-08-29 18:40:38.494+0000 INFO [o.n.i.d.DiagnosticsManager]  [classpath + loader.0] file:/var/lib/neo4j/lib/jersey-servlet-1.19.3.jar
2019-08-29 18:40:38.494+0000 INFO [o.n.i.d.DiagnosticsManager]  [bootstrap] /usr/local/openjdk-8/lib/resources.jar
2019-08-29 18:40:38.494+0000 INFO [o.n.i.d.DiagnosticsManager]  [classpath + loader.0] file:/var/lib/neo4j/lib/neo4j-codegen-3.5.8.jar
2019-08-29 18:40:38.494+0000 INFO [o.n.i.d.DiagnosticsManager]  [bootstrap] /usr/local/openjdk-8/lib/jsse.jar
2019-08-29 18:40:38.495+0000 INFO [o.n.i.d.DiagnosticsManager]  [classpath + loader.0] file:/var/lib/neo4j/lib/neo4j-browser-3.2.20.jar
2019-08-29 18:40:38.495+0000 INFO [o.n.i.d.DiagnosticsManager]  [classpath + loader.0] file:/var/lib/neo4j/lib/shiro-event-1.4.0.jar
2019-08-29 18:40:38.495+0000 INFO [o.n.i.d.DiagnosticsManager]  [classpath + loader.0] file:/var/lib/neo4j/lib/jetty-server-9.4.17.v20190418.jar
2019-08-29 18:40:38.495+0000 INFO [o.n.i.d.DiagnosticsManager]  [classpath + loader.0] file:/var/lib/neo4j/lib/shiro-crypto-hash-1.4.0.jar
2019-08-29 18:40:38.495+0000 INFO [o.n.i.d.DiagnosticsManager]  [classpath + loader.0] file:/var/lib/neo4j/lib/akka-cluster_2.11-2.5.22.jar
2019-08-29 18:40:38.495+0000 INFO [o.n.i.d.DiagnosticsManager]  [classpath + loader.0] file:/var/lib/neo4j/lib/javax.servlet-api-3.1.0.jar
2019-08-29 18:40:38.495+0000 INFO [o.n.i.d.DiagnosticsManager]  [classpath + loader.0] file:/var/lib/neo4j/lib/neo4j-server-3.5.8.jar
2019-08-29 18:40:38.495+0000 INFO [o.n.i.d.DiagnosticsManager]  [classpath + loader.0] file:/var/lib/neo4j/lib/neo4j-cypher-compiler-2.3-2.3.12.jar
2019-08-29 18:40:38.495+0000 INFO [o.n.i.d.DiagnosticsManager]  [classpath + loader.0] file:/var/lib/neo4j/lib/akka-remote_2.11-2.5.22.jar
2019-08-29 18:40:38.495+0000 INFO [o.n.i.d.DiagnosticsManager]  [classpath + loader.0] file:/var/lib/neo4j/lib/neo4j-enterprise-cypher-3.5.8.jar
2019-08-29 18:40:38.495+0000 INFO [o.n.i.d.DiagnosticsManager]  [classpath + loader.0] file:/var/lib/neo4j/lib/neo4j-cypher-3.5.8.jar
2019-08-29 18:40:38.495+0000 INFO [o.n.i.d.DiagnosticsManager]  [loader.1] file:/usr/local/openjdk-8/lib/ext/sunpkcs11.jar
2019-08-29 18:40:38.495+0000 INFO [o.n.i.d.DiagnosticsManager]  [classpath + loader.0] file:/var/lib/neo4j/lib/scala-reflect-2.11.12.jar
2019-08-29 18:40:38.496+0000 INFO [o.n.i.d.DiagnosticsManager]  [classpath + loader.0] file:/var/lib/neo4j/lib/slf4j-nop-1.7.25.jar
2019-08-29 18:40:38.496+0000 INFO [o.n.i.d.DiagnosticsManager]  [classpath + loader.0] file:/var/lib/neo4j/lib/lucene-core-5.5.5.jar
2019-08-29 18:40:38.496+0000 INFO [o.n.i.d.DiagnosticsManager]  [classpath + loader.0] file:/var/lib/neo4j/lib/akka-coordination_2.11-2.5.22.jar
2019-08-29 18:40:38.496+0000 INFO [o.n.i.d.DiagnosticsManager]  [classpath + loader.0] file:/var/lib/neo4j/lib/simpleclient_httpserver-0.5.0.jar
2019-08-29 18:40:38.496+0000 INFO [o.n.i.d.DiagnosticsManager]  [classpath + loader.0] file:/var/lib/neo4j/lib/neo4j-consistency-check-3.5.8.jar
2019-08-29 18:40:38.496+0000 INFO [o.n.i.d.DiagnosticsManager]  [classpath + loader.0] file:/var/lib/neo4j/lib/shiro-core-1.4.0.jar
2019-08-29 18:40:38.496+0000 INFO [o.n.i.d.DiagnosticsManager]  [bootstrap] /usr/local/openjdk-8/lib/rt.jar
2019-08-29 18:40:38.496+0000 INFO [o.n.i.d.DiagnosticsManager]  [classpath + loader.0] file:/var/lib/neo4j/lib/activation-1.1.1.jar
2019-08-29 18:40:38.496+0000 INFO [o.n.i.d.DiagnosticsManager]  [classpath + loader.0] file:/var/lib/neo4j/lib/neo4j-cypher-compiler-3.1-3.1.9.jar
2019-08-29 18:40:38.496+0000 INFO [o.n.i.d.DiagnosticsManager]  [classpath + loader.0] file:/var/lib/neo4j/lib/commons-beanutils-1.9.3.jar
2019-08-29 18:40:38.496+0000 INFO [o.n.i.d.DiagnosticsManager]  [classpath + loader.0] file:/var/lib/neo4j/lib/neo4j-security-3.5.8.jar
2019-08-29 18:40:38.496+0000 INFO [o.n.i.d.DiagnosticsManager]  [classpath + loader.0] file:/var/lib/neo4j/lib/neo4j-cypher-util-3.4-3.4.14.jar
2019-08-29 18:40:38.496+0000 INFO [o.n.i.d.DiagnosticsManager]  [classpath + loader.0] file:/var/lib/neo4j/lib/commons-lang3-3.8.jar
2019-08-29 18:40:38.496+0000 INFO [o.n.i.d.DiagnosticsManager]  [classpath + loader.0] file:/var/lib/neo4j/lib/neo4j-ast-3.5-3.5.8.jar
2019-08-29 18:40:38.497+0000 INFO [o.n.i.d.DiagnosticsManager]  [classpath + loader.0] file:/var/lib/neo4j/lib/FastInfoset-1.2.13.jar
2019-08-29 18:40:38.497+0000 INFO [o.n.i.d.DiagnosticsManager]  [classpath + loader.0] file:/var/lib/neo4j/conf/
2019-08-29 18:40:38.497+0000 INFO [o.n.i.d.DiagnosticsManager]  [classpath + loader.0] file:/var/lib/neo4j/lib/asm-tree-6.2.jar
2019-08-29 18:40:38.497+0000 INFO [o.n.i.d.DiagnosticsManager]  [classpath + loader.0] file:/var/lib/neo4j/lib/neo4j-logging-3.5.8.jar
2019-08-29 18:40:38.497+0000 INFO [o.n.i.d.DiagnosticsManager]  [classpath + loader.0] file:/var/lib/neo4j/lib/akka-protobuf_2.11-2.5.22.jar
2019-08-29 18:40:38.497+0000 INFO [o.n.i.d.DiagnosticsManager]  [classpath + loader.0] file:/var/lib/neo4j/lib/jetty-util-9.4.17.v20190418.jar
2019-08-29 18:40:38.497+0000 INFO [o.n.i.d.DiagnosticsManager]  [classpath + loader.0] file:/var/lib/neo4j/lib/hazelcast-all-3.7.8.jar
2019-08-29 18:40:38.497+0000 INFO [o.n.i.d.DiagnosticsManager]  [classpath + loader.0] file:/var/lib/neo4j/lib/jaxb-api-2.3.0.jar
2019-08-29 18:40:38.497+0000 INFO [o.n.i.d.DiagnosticsManager]  [classpath + loader.0] file:/var/lib/neo4j/lib/netty-all-4.1.32.Final.jar
2019-08-29 18:40:38.497+0000 INFO [o.n.i.d.DiagnosticsManager]  [classpath + loader.0] file:/var/lib/neo4j/lib/neo4j-concurrent-3.5.8.jar
2019-08-29 18:40:38.497+0000 INFO [o.n.i.d.DiagnosticsManager]  [classpath + loader.0] file:/var/lib/neo4j/lib/neo4j-security-enterprise-3.5.8.jar
2019-08-29 18:40:38.497+0000 INFO [o.n.i.d.DiagnosticsManager]  [classpath + loader.0] file:/var/lib/neo4j/lib/neo4j-jmx-3.5.8.jar
2019-08-29 18:40:38.497+0000 INFO [o.n.i.d.DiagnosticsManager]  [classpath + loader.0] file:/var/lib/neo4j/lib/txw2-2.3.0.1.jar
2019-08-29 18:40:38.498+0000 INFO [o.n.i.d.DiagnosticsManager]  [classpath + loader.0] file:/var/lib/neo4j/lib/metrics-core-4.0.2.jar
2019-08-29 18:40:38.498+0000 INFO [o.n.i.d.DiagnosticsManager]  [classpath + loader.0] file:/var/lib/neo4j/lib/neo4j-ha-3.5.8.jar
2019-08-29 18:40:38.498+0000 INFO [o.n.i.d.DiagnosticsManager]  [classpath + loader.0] file:/var/lib/neo4j/lib/slf4j-api-1.7.25.jar
2019-08-29 18:40:38.498+0000 INFO [o.n.i.d.DiagnosticsManager]  [classpath + loader.0] file:/var/lib/neo4j/lib/neo4j-metrics-3.5.8.jar
2019-08-29 18:40:38.498+0000 INFO [o.n.i.d.DiagnosticsManager]  [classpath + loader.0] file:/var/lib/neo4j/lib/metrics-graphite-4.0.2.jar
2019-08-29 18:40:38.498+0000 INFO [o.n.i.d.DiagnosticsManager]  [classpath + loader.0] file:/var/lib/neo4j/lib/neo4j-causal-clustering-commercial-3.5.8.jar
2019-08-29 18:40:38.498+0000 INFO [o.n.i.d.DiagnosticsManager]  [classpath + loader.0] file:/var/lib/neo4j/lib/akka-actor_2.11-2.5.22.jar
2019-08-29 18:40:38.498+0000 INFO [o.n.i.d.DiagnosticsManager]  [classpath + loader.0] file:/var/lib/neo4j/lib/stax-ex-1.7.8.jar
2019-08-29 18:40:38.498+0000 INFO [o.n.i.d.DiagnosticsManager]  [classpath + loader.0] file:/var/lib/neo4j/lib/caffeine-2.6.2.jar
2019-08-29 18:40:38.498+0000 INFO [o.n.i.d.DiagnosticsManager]  [classpath + loader.0] file:/var/lib/neo4j/lib/neo4j-ssl-3.5.8.jar
2019-08-29 18:40:38.499+0000 INFO [o.n.i.d.DiagnosticsManager]  [loader.1] file:/usr/local/openjdk-8/lib/ext/nashorn.jar
2019-08-29 18:40:38.499+0000 INFO [o.n.i.d.DiagnosticsManager]  [classpath + loader.0] file:/var/lib/neo4j/lib/neo4j-query-logging-3.5.8.jar
2019-08-29 18:40:38.499+0000 INFO [o.n.i.d.DiagnosticsManager]  [bootstrap] /usr/local/openjdk-8/lib/jce.jar
2019-08-29 18:40:38.499+0000 INFO [o.n.i.d.DiagnosticsManager]  [classpath + loader.0] file:/var/lib/neo4j/lib/WMI4Java-1.6.1.jar
2019-08-29 18:40:38.499+0000 INFO [o.n.i.d.DiagnosticsManager]  [classpath + loader.0] file:/var/lib/neo4j/lib/neo4j-commercial-3.5.8.jar
2019-08-29 18:40:38.499+0000 INFO [o.n.i.d.DiagnosticsManager]  [classpath + loader.0] file:/var/lib/neo4j/lib/neo4j-cypher-planner-3.4-3.4.14.jar
2019-08-29 18:40:38.499+0000 INFO [o.n.i.d.DiagnosticsManager]  [classpath + loader.0] file:/var/lib/neo4j/lib/jsr311-api-1.1.2.r612.jar
2019-08-29 18:40:38.499+0000 INFO [o.n.i.d.DiagnosticsManager]  [classpath + loader.0] file:/var/lib/neo4j/lib/neo4j-cypher-frontend-2.3-2.3.12.jar
2019-08-29 18:40:38.499+0000 INFO [o.n.i.d.DiagnosticsManager]  [classpath + loader.0] file:/var/lib/neo4j/lib/shiro-config-ogdl-1.4.0.jar
2019-08-29 18:40:38.499+0000 INFO [o.n.i.d.DiagnosticsManager]  [classpath + loader.0] file:/var/lib/neo4j/lib/ssl-config-core_2.11-0.3.7.jar
2019-08-29 18:40:38.499+0000 INFO [o.n.i.d.DiagnosticsManager]  [classpath + loader.0] file:/var/lib/neo4j/lib/bcpkix-jdk15on-1.60.jar
2019-08-29 18:40:38.499+0000 INFO [o.n.i.d.DiagnosticsManager]  [classpath + loader.0] file:/var/lib/neo4j/lib/zstd-jni-1.3.8-6.jar
2019-08-29 18:40:38.499+0000 INFO [o.n.i.d.DiagnosticsManager]  [classpath + loader.0] file:/var/lib/neo4j/lib/agrona-0.9.31.jar
2019-08-29 18:40:38.500+0000 INFO [o.n.i.d.DiagnosticsManager]  [classpath + loader.0] file:/var/lib/neo4j/lib/neo4j-graph-algo-3.5.8.jar
2019-08-29 18:40:38.500+0000 INFO [o.n.i.d.DiagnosticsManager]  [classpath + loader.0] file:/var/lib/neo4j/lib/neo4j-cypher-planner-spi-3.5-3.5.8.jar
2019-08-29 18:40:38.500+0000 INFO [o.n.i.d.DiagnosticsManager]  [classpath + loader.0] file:/var/lib/neo4j/lib/shiro-lang-1.4.0.jar
2019-08-29 18:40:38.500+0000 INFO [o.n.i.d.DiagnosticsManager]  [classpath + loader.0] file:/var/lib/neo4j/lib/neo4j-kernel-3.5.8.jar
2019-08-29 18:40:38.500+0000 INFO [o.n.i.d.DiagnosticsManager]  [classpath + loader.0] file:/var/lib/neo4j/lib/commons-collections-3.2.2.jar
2019-08-29 18:40:38.500+0000 INFO [o.n.i.d.DiagnosticsManager]  [loader.1] file:/usr/local/openjdk-8/lib/ext/jaccess.jar
2019-08-29 18:40:38.500+0000 INFO [o.n.i.d.DiagnosticsManager]  [classpath + loader.0] file:/var/lib/neo4j/lib/neo4j-annotation-processors-3.5.8.jar
2019-08-29 18:40:38.500+0000 INFO [o.n.i.d.DiagnosticsManager]  [classpath + loader.0] file:/var/lib/neo4j/lib/parboiled-core-1.1.7.jar
2019-08-29 18:40:38.500+0000 INFO [o.n.i.d.DiagnosticsManager]  [classpath + loader.0] file:/var/lib/neo4j/lib/scala-java8-compat_2.11-0.7.0.jar
2019-08-29 18:40:38.500+0000 INFO [o.n.i.d.DiagnosticsManager]  [classpath + loader.0] file:/var/lib/neo4j/lib/aeron-driver-1.15.1.jar
2019-08-29 18:40:38.500+0000 INFO [o.n.i.d.DiagnosticsManager]  [classpath + loader.0] file:/var/lib/neo4j/lib/neo4j-management-3.5.8.jar
2019-08-29 18:40:38.500+0000 INFO [o.n.i.d.DiagnosticsManager]  [classpath + loader.0] file:/var/lib/neo4j/lib/neo4j-server-commercial-3.5.8.jar
2019-08-29 18:40:38.500+0000 INFO [o.n.i.d.DiagnosticsManager] Library path:
2019-08-29 18:40:38.501+0000 INFO [o.n.i.d.DiagnosticsManager] /usr/java/packages/lib/amd64
2019-08-29 18:40:38.501+0000 INFO [o.n.i.d.DiagnosticsManager] /usr/lib64
2019-08-29 18:40:38.501+0000 INFO [o.n.i.d.DiagnosticsManager] /lib64
2019-08-29 18:40:38.501+0000 INFO [o.n.i.d.DiagnosticsManager] /lib
2019-08-29 18:40:38.501+0000 INFO [o.n.i.d.DiagnosticsManager] /usr/lib
2019-08-29 18:40:38.501+0000 INFO [o.n.i.d.DiagnosticsManager] System.properties:
2019-08-29 18:40:38.502+0000 INFO [o.n.i.d.DiagnosticsManager] sun.boot.library.path = /usr/local/openjdk-8/lib/amd64
2019-08-29 18:40:38.502+0000 INFO [o.n.i.d.DiagnosticsManager] jdk.tls.rejectClientInitiatedRenegotiation = true
2019-08-29 18:40:38.502+0000 INFO [o.n.i.d.DiagnosticsManager] path.separator = :
2019-08-29 18:40:38.502+0000 INFO [o.n.i.d.DiagnosticsManager] file.encoding.pkg = sun.io
2019-08-29 18:40:38.502+0000 INFO [o.n.i.d.DiagnosticsManager] sun.java.launcher = SUN_STANDARD
2019-08-29 18:40:38.502+0000 INFO [o.n.i.d.DiagnosticsManager] sun.os.patch.level = unknown
2019-08-29 18:40:38.502+0000 INFO [o.n.i.d.DiagnosticsManager] user.dir = /var/lib/neo4j
2019-08-29 18:40:38.502+0000 INFO [o.n.i.d.DiagnosticsManager] sun.jnu.encoding = UTF-8
2019-08-29 18:40:38.503+0000 INFO [o.n.i.d.DiagnosticsManager] unsupported.dbms.udc.source = tarball
2019-08-29 18:40:38.503+0000 INFO [o.n.i.d.DiagnosticsManager] sun.management.compiler = HotSpot 64-Bit Tiered Compilers
2019-08-29 18:40:38.503+0000 INFO [o.n.i.d.DiagnosticsManager] user.home = /var/lib/neo4j
2019-08-29 18:40:38.503+0000 INFO [o.n.i.d.DiagnosticsManager] user.timezone = Etc/UTC
2019-08-29 18:40:38.503+0000 INFO [o.n.i.d.DiagnosticsManager] file.encoding = UTF-8
2019-08-29 18:40:38.503+0000 INFO [o.n.i.d.DiagnosticsManager] user.name = neo4j
2019-08-29 18:40:38.503+0000 INFO [o.n.i.d.DiagnosticsManager] sun.java.command = com.neo4j.server.enterprise.CommercialEntryPoint --home-dir=/var/lib/neo4j --config-dir=/var/lib/neo4j/conf
2019-08-29 18:40:38.503+0000 INFO [o.n.i.d.DiagnosticsManager] sun.arch.data.model = 64
2019-08-29 18:40:38.503+0000 INFO [o.n.i.d.DiagnosticsManager] user.language = en
2019-08-29 18:40:38.503+0000 INFO [o.n.i.d.DiagnosticsManager] awt.toolkit = sun.awt.X11.XToolkit
2019-08-29 18:40:38.503+0000 INFO [o.n.i.d.DiagnosticsManager] jdk.tls.ephemeralDHKeySize = 2048
2019-08-29 18:40:38.503+0000 INFO [o.n.i.d.DiagnosticsManager] file.separator = /
2019-08-29 18:40:38.503+0000 INFO [o.n.i.d.DiagnosticsManager] sun.io.unicode.encoding = UnicodeLittle
2019-08-29 18:40:38.504+0000 INFO [o.n.i.d.DiagnosticsManager] sun.cpu.endian = little
2019-08-29 18:40:38.504+0000 INFO [o.n.i.d.DiagnosticsManager] sun.cpu.isalist = 
2019-08-29 18:40:38.504+0000 INFO [o.n.i.d.DiagnosticsManager] (IANA) TimeZone Database Version:
2019-08-29 18:40:38.555+0000 INFO [o.n.i.d.DiagnosticsManager]   TimeZone version: 2019a (available for 600 zone identifiers)
2019-08-29 18:40:38.555+0000 INFO [o.n.i.d.DiagnosticsManager] Linux scheduler information:
2019-08-29 18:40:38.570+0000 INFO [o.n.i.d.DiagnosticsManager] noop [deadline] cfq 
2019-08-29 18:40:38.570+0000 INFO [o.n.i.d.DiagnosticsManager] none
2019-08-29 18:40:38.571+0000 INFO [o.n.i.d.DiagnosticsManager] none
2019-08-29 18:40:38.571+0000 INFO [o.n.i.d.DiagnosticsManager] none
2019-08-29 18:40:38.571+0000 INFO [o.n.i.d.DiagnosticsManager] noop [deadline] cfq 
2019-08-29 18:40:38.572+0000 INFO [o.n.i.d.DiagnosticsManager] Network information:
2019-08-29 18:40:38.574+0000 INFO [o.n.i.d.DiagnosticsManager] Interface eth0:
2019-08-29 18:40:38.575+0000 INFO [o.n.i.d.DiagnosticsManager]     address: 172.19.0.2
2019-08-29 18:40:38.575+0000 INFO [o.n.i.d.DiagnosticsManager] Interface lo:
2019-08-29 18:40:38.575+0000 INFO [o.n.i.d.DiagnosticsManager]     address: 127.0.0.1
2019-08-29 18:40:38.575+0000 INFO [o.n.i.d.DiagnosticsManager] --- INITIALIZED diagnostics END ---
2019-08-29 18:40:38.635+0000 INFO [o.n.m.MetricsExtension] Initiating metrics...
2019-08-29 18:40:39.214+0000 INFO [o.n.k.i.s.f.RecordFormatSelector] Selected RecordFormat:StandardV3_4[v0.A.9] record format from store /data/databases/graph.db
2019-08-29 18:40:39.272+0000 INFO [o.n.k.i.s.f.RecordFormatSelector] Selected RecordFormat:StandardV3_4[v0.A.9] record format from store /data/databases/graph.db
2019-08-29 18:40:39.272+0000 INFO [o.n.k.i.s.f.RecordFormatSelector] Format not configured. Selected format from the store: RecordFormat:StandardV3_4[v0.A.9]
2019-08-29 18:40:40.270+0000 INFO [o.n.k.NeoStoreDataSource] No commits found after last check point (which is at LogPosition{logVersion=0, byteOffset=18162})
2019-08-29 18:40:40.379+0000 INFO [o.n.k.i.a.i.IndexingService] IndexingService.init: indexes not specifically mentioned above are ONLINE
2019-08-29 18:40:40.532+0000 INFO [o.n.b.i.BackupServer] BackupServer communication server started and bound to /127.0.0.1:6362
2019-08-29 18:40:40.548+0000 INFO [o.n.k.i.a.i.IndexingService] IndexingService.start: indexes not specifically mentioned above are ONLINE
2019-08-29 18:40:40.587+0000 INFO [o.n.i.d.DiagnosticsManager] --- STARTED diagnostics for KernelDiagnostics:Versions START ---
2019-08-29 18:40:40.587+0000 INFO [o.n.i.d.DiagnosticsManager] Graph Database: enterprise single StoreId{creationTime=1567100118697, randomId=883410466034758202, storeVersion=16094931155187206, upgradeTime=1567100118697, upgradeId=1}
2019-08-29 18:40:40.587+0000 INFO [o.n.i.d.DiagnosticsManager] Kernel version: 3.5.8,6cd2ad1ef0d166e3ecfb61577dacd502b9b7e279
2019-08-29 18:40:40.587+0000 INFO [o.n.i.d.DiagnosticsManager] --- STARTED diagnostics for KernelDiagnostics:Versions END ---
2019-08-29 18:40:40.592+0000 INFO [o.n.i.d.DiagnosticsManager] --- STARTED diagnostics for NEO_STORE_VERSIONS START ---
2019-08-29 18:40:40.592+0000 INFO [o.n.i.d.DiagnosticsManager] Store versions:
2019-08-29 18:40:40.593+0000 INFO [o.n.i.d.DiagnosticsManager]   ArrayPropertyStore v0.A.9
2019-08-29 18:40:40.593+0000 INFO [o.n.i.d.DiagnosticsManager]   NodeStore v0.A.9
2019-08-29 18:40:40.594+0000 INFO [o.n.i.d.DiagnosticsManager]   StringPropertyStore v0.A.9
2019-08-29 18:40:40.594+0000 INFO [o.n.i.d.DiagnosticsManager]   PropertyIndexStore v0.A.9
2019-08-29 18:40:40.594+0000 INFO [o.n.i.d.DiagnosticsManager]   StringPropertyStore v0.A.9
2019-08-29 18:40:40.594+0000 INFO [o.n.i.d.DiagnosticsManager]   ArrayPropertyStore v0.A.9
2019-08-29 18:40:40.594+0000 INFO [o.n.i.d.DiagnosticsManager]   PropertyStore v0.A.9
2019-08-29 18:40:40.594+0000 INFO [o.n.i.d.DiagnosticsManager]   RelationshipStore v0.A.9
2019-08-29 18:40:40.594+0000 INFO [o.n.i.d.DiagnosticsManager]   StringPropertyStore v0.A.9
2019-08-29 18:40:40.594+0000 INFO [o.n.i.d.DiagnosticsManager]   RelationshipTypeStore v0.A.9
2019-08-29 18:40:40.595+0000 INFO [o.n.i.d.DiagnosticsManager]   StringPropertyStore v0.A.9
2019-08-29 18:40:40.595+0000 INFO [o.n.i.d.DiagnosticsManager]   LabelTokenStore v0.A.9
2019-08-29 18:40:40.595+0000 INFO [o.n.i.d.DiagnosticsManager]   SchemaStore v0.A.9
2019-08-29 18:40:40.595+0000 INFO [o.n.i.d.DiagnosticsManager]   RelationshipGroupStore v0.A.9
2019-08-29 18:40:40.595+0000 INFO [o.n.i.d.DiagnosticsManager]   NeoStore v0.A.9
2019-08-29 18:40:40.595+0000 INFO [o.n.i.d.DiagnosticsManager] --- STARTED diagnostics for NEO_STORE_VERSIONS END ---
2019-08-29 18:40:40.595+0000 INFO [o.n.i.d.DiagnosticsManager] --- STARTED diagnostics for NEO_STORE_ID_USAGE START ---
2019-08-29 18:40:40.596+0000 INFO [o.n.i.d.DiagnosticsManager] Id usage:
2019-08-29 18:40:40.597+0000 INFO [o.n.i.d.DiagnosticsManager]   ArrayPropertyStore: used=1 high=0
2019-08-29 18:40:40.597+0000 INFO [o.n.i.d.DiagnosticsManager]   NodeStore: used=31 high=39
2019-08-29 18:40:40.597+0000 INFO [o.n.i.d.DiagnosticsManager]   StringPropertyStore: used=4 high=3
2019-08-29 18:40:40.597+0000 INFO [o.n.i.d.DiagnosticsManager]   PropertyIndexStore: used=3 high=2
2019-08-29 18:40:40.597+0000 INFO [o.n.i.d.DiagnosticsManager]   StringPropertyStore: used=1 high=0
2019-08-29 18:40:40.597+0000 INFO [o.n.i.d.DiagnosticsManager]   ArrayPropertyStore: used=1 high=0
2019-08-29 18:40:40.597+0000 INFO [o.n.i.d.DiagnosticsManager]   PropertyStore: used=62 high=79
2019-08-29 18:40:40.598+0000 INFO [o.n.i.d.DiagnosticsManager]   RelationshipStore: used=0 high=-1
2019-08-29 18:40:40.598+0000 INFO [o.n.i.d.DiagnosticsManager]   StringPropertyStore: used=1 high=0
2019-08-29 18:40:40.598+0000 INFO [o.n.i.d.DiagnosticsManager]   RelationshipTypeStore: used=0 high=-1
2019-08-29 18:40:40.598+0000 INFO [o.n.i.d.DiagnosticsManager]   StringPropertyStore: used=6 high=5
2019-08-29 18:40:40.598+0000 INFO [o.n.i.d.DiagnosticsManager]   LabelTokenStore: used=5 high=4
2019-08-29 18:40:40.598+0000 INFO [o.n.i.d.DiagnosticsManager]   SchemaStore: used=101 high=100
2019-08-29 18:40:40.598+0000 INFO [o.n.i.d.DiagnosticsManager]   RelationshipGroupStore: used=1 high=0
2019-08-29 18:40:40.599+0000 INFO [o.n.i.d.DiagnosticsManager]   NeoStore: used=15 high=14
2019-08-29 18:40:40.599+0000 INFO [o.n.i.d.DiagnosticsManager] --- STARTED diagnostics for NEO_STORE_ID_USAGE END ---
2019-08-29 18:40:40.599+0000 INFO [o.n.i.d.DiagnosticsManager] --- STARTED diagnostics for NEO_STORE_RECORDS START ---
2019-08-29 18:40:40.599+0000 INFO [o.n.i.d.DiagnosticsManager] Neostore records:
2019-08-29 18:40:40.600+0000 INFO [o.n.i.d.DiagnosticsManager] TIME (Creation time): 1567100118697
2019-08-29 18:40:40.600+0000 INFO [o.n.i.d.DiagnosticsManager] RANDOM_NUMBER (Random number for store id): 883410466034758202
2019-08-29 18:40:40.600+0000 INFO [o.n.i.d.DiagnosticsManager] LOG_VERSION (Current log version): 0
2019-08-29 18:40:40.600+0000 INFO [o.n.i.d.DiagnosticsManager] LAST_TRANSACTION_ID (Last committed transaction): 40
2019-08-29 18:40:40.601+0000 INFO [o.n.i.d.DiagnosticsManager] STORE_VERSION (Store format version): 16094931155187206
2019-08-29 18:40:40.601+0000 INFO [o.n.i.d.DiagnosticsManager] FIRST_GRAPH_PROPERTY (First property record containing graph properties): -1
2019-08-29 18:40:40.601+0000 INFO [o.n.i.d.DiagnosticsManager] LAST_CONSTRAINT_TRANSACTION (Last committed transaction containing constraint changes): 40
2019-08-29 18:40:40.601+0000 INFO [o.n.i.d.DiagnosticsManager] UPGRADE_TRANSACTION_ID (Transaction id most recent upgrade was performed at): 1
2019-08-29 18:40:40.601+0000 INFO [o.n.i.d.DiagnosticsManager] UPGRADE_TIME (Time of last upgrade): 1567100118697
2019-08-29 18:40:40.601+0000 INFO [o.n.i.d.DiagnosticsManager] LAST_TRANSACTION_CHECKSUM (Checksum of last committed transaction): -161607025485
2019-08-29 18:40:40.601+0000 INFO [o.n.i.d.DiagnosticsManager] UPGRADE_TRANSACTION_CHECKSUM (Checksum of transaction id the most recent upgrade was performed at): 0
2019-08-29 18:40:40.601+0000 INFO [o.n.i.d.DiagnosticsManager] LAST_CLOSED_TRANSACTION_LOG_VERSION (Log version where the last transaction commit entry has been written into): 0
2019-08-29 18:40:40.601+0000 INFO [o.n.i.d.DiagnosticsManager] LAST_CLOSED_TRANSACTION_LOG_BYTE_OFFSET (Byte offset in the log file where the last transaction commit entry has been written into): 18162
2019-08-29 18:40:40.602+0000 INFO [o.n.i.d.DiagnosticsManager] LAST_TRANSACTION_COMMIT_TIMESTAMP (Commit time timestamp for last committed transaction): 1567100634460
2019-08-29 18:40:40.602+0000 INFO [o.n.i.d.DiagnosticsManager] UPGRADE_TRANSACTION_COMMIT_TIMESTAMP (Commit timestamp of transaction the most recent upgrade was performed at): 0
2019-08-29 18:40:40.602+0000 INFO [o.n.i.d.DiagnosticsManager] --- STARTED diagnostics for NEO_STORE_RECORDS END ---
2019-08-29 18:40:40.604+0000 INFO [o.n.i.d.DiagnosticsManager] --- STARTED diagnostics for TRANSACTION_RANGE START ---
2019-08-29 18:40:40.604+0000 INFO [o.n.i.d.DiagnosticsManager] Transaction log:
2019-08-29 18:40:40.605+0000 INFO [o.n.i.d.DiagnosticsManager] Oldest transaction 2 found in log with version 0
2019-08-29 18:40:40.605+0000 INFO [o.n.i.d.DiagnosticsManager] --- STARTED diagnostics for TRANSACTION_RANGE END ---
2019-08-29 18:40:40.612+0000 INFO [o.n.i.d.DiagnosticsManager] --- STARTED diagnostics for KernelDiagnostics:StoreFiles START ---
2019-08-29 18:40:40.612+0000 INFO [o.n.i.d.DiagnosticsManager] Disk space on partition (Total / Free / Free %): 53660876800 / 51594412032 / 96
2019-08-29 18:40:40.612+0000 INFO [o.n.i.d.DiagnosticsManager] Storage files: (filename : modification date - size)
2019-08-29 18:40:40.618+0000 INFO [o.n.i.d.DiagnosticsManager]   index:
2019-08-29 18:40:40.620+0000 INFO [o.n.i.d.DiagnosticsManager]   - Total: 2019-08-29T17:35:19+0000 - 0.00 B
2019-08-29 18:40:40.620+0000 INFO [o.n.i.d.DiagnosticsManager]   neostore: 2019-08-29T17:54:19+0000 - 8.00 kB
2019-08-29 18:40:40.621+0000 INFO [o.n.i.d.DiagnosticsManager]   neostore.counts.db.a: 2019-08-29T17:35:19+0000 - 96.00 B
2019-08-29 18:40:40.621+0000 INFO [o.n.i.d.DiagnosticsManager]   neostore.counts.db.b: 2019-08-29T17:54:19+0000 - 928.00 B
2019-08-29 18:40:40.621+0000 INFO [o.n.i.d.DiagnosticsManager]   neostore.id: 2019-08-29T18:40:39+0000 - 9.00 B
2019-08-29 18:40:40.622+0000 INFO [o.n.i.d.DiagnosticsManager]   neostore.labelscanstore.db: 2019-08-29T18:40:40+0000 - 48.00 kB
2019-08-29 18:40:40.622+0000 INFO [o.n.i.d.DiagnosticsManager]   neostore.labeltokenstore.db: 2019-08-29T17:54:19+0000 - 8.00 kB
2019-08-29 18:40:40.622+0000 INFO [o.n.i.d.DiagnosticsManager]   neostore.labeltokenstore.db.id: 2019-08-29T18:40:39+0000 - 9.00 B
2019-08-29 18:40:40.622+0000 INFO [o.n.i.d.DiagnosticsManager]   neostore.labeltokenstore.db.names: 2019-08-29T17:54:19+0000 - 8.00 kB
2019-08-29 18:40:40.623+0000 INFO [o.n.i.d.DiagnosticsManager]   neostore.labeltokenstore.db.names.id: 2019-08-29T18:40:39+0000 - 9.00 B
2019-08-29 18:40:40.623+0000 INFO [o.n.i.d.DiagnosticsManager]   neostore.nodestore.db: 2019-08-29T17:54:19+0000 - 8.00 kB
2019-08-29 18:40:40.623+0000 INFO [o.n.i.d.DiagnosticsManager]   neostore.nodestore.db.id: 2019-08-29T18:40:39+0000 - 81.00 B
2019-08-29 18:40:40.624+0000 INFO [o.n.i.d.DiagnosticsManager]   neostore.nodestore.db.labels: 2019-08-29T17:35:18+0000 - 8.00 kB
2019-08-29 18:40:40.624+0000 INFO [o.n.i.d.DiagnosticsManager]   neostore.nodestore.db.labels.id: 2019-08-29T18:40:39+0000 - 9.00 B
2019-08-29 18:40:40.624+0000 INFO [o.n.i.d.DiagnosticsManager]   neostore.propertystore.db: 2019-08-29T17:54:19+0000 - 7.97 kB
2019-08-29 18:40:40.624+0000 INFO [o.n.i.d.DiagnosticsManager]   neostore.propertystore.db.arrays: 2019-08-29T17:35:18+0000 - 8.00 kB
2019-08-29 18:40:40.625+0000 INFO [o.n.i.d.DiagnosticsManager]   neostore.propertystore.db.arrays.id: 2019-08-29T18:40:39+0000 - 9.00 B
2019-08-29 18:40:40.625+0000 INFO [o.n.i.d.DiagnosticsManager]   neostore.propertystore.db.id: 2019-08-29T18:40:39+0000 - 153.00 B
2019-08-29 18:40:40.625+0000 INFO [o.n.i.d.DiagnosticsManager]   neostore.propertystore.db.index: 2019-08-29T17:54:19+0000 - 8.00 kB
2019-08-29 18:40:40.626+0000 INFO [o.n.i.d.DiagnosticsManager]   neostore.propertystore.db.index.id: 2019-08-29T18:40:39+0000 - 9.00 B
2019-08-29 18:40:40.626+0000 INFO [o.n.i.d.DiagnosticsManager]   neostore.propertystore.db.index.keys: 2019-08-29T17:54:19+0000 - 8.00 kB
2019-08-29 18:40:40.626+0000 INFO [o.n.i.d.DiagnosticsManager]   neostore.propertystore.db.index.keys.id: 2019-08-29T18:40:39+0000 - 9.00 B
2019-08-29 18:40:40.627+0000 INFO [o.n.i.d.DiagnosticsManager]   neostore.propertystore.db.strings: 2019-08-29T17:35:18+0000 - 8.00 kB
2019-08-29 18:40:40.627+0000 INFO [o.n.i.d.DiagnosticsManager]   neostore.propertystore.db.strings.id: 2019-08-29T18:40:39+0000 - 9.00 B
2019-08-29 18:40:40.627+0000 INFO [o.n.i.d.DiagnosticsManager]   neostore.relationshipgroupstore.db: 2019-08-29T17:35:18+0000 - 8.00 kB
2019-08-29 18:40:40.627+0000 INFO [o.n.i.d.DiagnosticsManager]   neostore.relationshipgroupstore.db.id: 2019-08-29T18:40:39+0000 - 9.00 B
2019-08-29 18:40:40.628+0000 INFO [o.n.i.d.DiagnosticsManager]   neostore.relationshipstore.db: 2019-08-29T17:35:18+0000 - 0.00 B
2019-08-29 18:40:40.628+0000 INFO [o.n.i.d.DiagnosticsManager]   neostore.relationshipstore.db.id: 2019-08-29T18:40:39+0000 - 9.00 B
2019-08-29 18:40:40.628+0000 INFO [o.n.i.d.DiagnosticsManager]   neostore.relationshiptypestore.db: 2019-08-29T17:35:18+0000 - 0.00 B
2019-08-29 18:40:40.629+0000 INFO [o.n.i.d.DiagnosticsManager]   neostore.relationshiptypestore.db.id: 2019-08-29T18:40:39+0000 - 9.00 B
2019-08-29 18:40:40.629+0000 INFO [o.n.i.d.DiagnosticsManager]   neostore.relationshiptypestore.db.names: 2019-08-29T17:35:18+0000 - 8.00 kB
2019-08-29 18:40:40.629+0000 INFO [o.n.i.d.DiagnosticsManager]   neostore.relationshiptypestore.db.names.id: 2019-08-29T18:40:39+0000 - 9.00 B
2019-08-29 18:40:40.629+0000 INFO [o.n.i.d.DiagnosticsManager]   neostore.schemastore.db: 2019-08-29T17:54:19+0000 - 8.00 kB
2019-08-29 18:40:40.630+0000 INFO [o.n.i.d.DiagnosticsManager]   neostore.schemastore.db.id: 2019-08-29T18:40:39+0000 - 9.00 B
2019-08-29 18:40:40.630+0000 INFO [o.n.i.d.DiagnosticsManager]   neostore.transaction.db.0: 2019-08-29T18:40:07+0000 - 17.77 kB
2019-08-29 18:40:40.630+0000 INFO [o.n.i.d.DiagnosticsManager]   profiles:
2019-08-29 18:40:40.631+0000 INFO [o.n.i.d.DiagnosticsManager]     neostore.64.cacheprof: 2019-08-29T18:39:19+0000 - 21.00 B
2019-08-29 18:40:40.631+0000 INFO [o.n.i.d.DiagnosticsManager]     neostore.counts.db.a.18.cacheprof: 2019-08-29T17:53:19+0000 - 21.00 B
2019-08-29 18:40:40.631+0000 INFO [o.n.i.d.DiagnosticsManager]     neostore.counts.db.b.45.cacheprof: 2019-08-29T18:39:19+0000 - 21.00 B
2019-08-29 18:40:40.632+0000 INFO [o.n.i.d.DiagnosticsManager]     neostore.labelscanstore.db.64.cacheprof: 2019-08-29T18:39:19+0000 - 21.00 B
2019-08-29 18:40:40.632+0000 INFO [o.n.i.d.DiagnosticsManager]     neostore.labeltokenstore.db.64.cacheprof: 2019-08-29T18:39:19+0000 - 21.00 B
2019-08-29 18:40:40.632+0000 INFO [o.n.i.d.DiagnosticsManager]     neostore.labeltokenstore.db.names.64.cacheprof: 2019-08-29T18:39:19+0000 - 21.00 B
2019-08-29 18:40:40.633+0000 INFO [o.n.i.d.DiagnosticsManager]     neostore.nodestore.db.64.cacheprof: 2019-08-29T18:39:19+0000 - 21.00 B
2019-08-29 18:40:40.633+0000 INFO [o.n.i.d.DiagnosticsManager]     neostore.nodestore.db.labels.64.cacheprof: 2019-08-29T18:39:19+0000 - 21.00 B
2019-08-29 18:40:40.633+0000 INFO [o.n.i.d.DiagnosticsManager]     neostore.propertystore.db.64.cacheprof: 2019-08-29T18:39:19+0000 - 21.00 B
2019-08-29 18:40:40.634+0000 INFO [o.n.i.d.DiagnosticsManager]     neostore.propertystore.db.arrays.64.cacheprof: 2019-08-29T18:39:19+0000 - 21.00 B
2019-08-29 18:40:40.634+0000 INFO [o.n.i.d.DiagnosticsManager]     neostore.propertystore.db.index.64.cacheprof: 2019-08-29T18:39:19+0000 - 21.00 B
2019-08-29 18:40:40.634+0000 INFO [o.n.i.d.DiagnosticsManager]     neostore.propertystore.db.index.keys.64.cacheprof: 2019-08-29T18:39:19+0000 - 21.00 B
2019-08-29 18:40:40.634+0000 INFO [o.n.i.d.DiagnosticsManager]     neostore.propertystore.db.strings.64.cacheprof: 2019-08-29T18:39:19+0000 - 21.00 B
2019-08-29 18:40:40.635+0000 INFO [o.n.i.d.DiagnosticsManager]     neostore.relationshipgroupstore.db.64.cacheprof: 2019-08-29T18:39:19+0000 - 21.00 B
2019-08-29 18:40:40.635+0000 INFO [o.n.i.d.DiagnosticsManager]     neostore.relationshipstore.db.64.cacheprof: 2019-08-29T18:39:19+0000 - 21.00 B
2019-08-29 18:40:40.635+0000 INFO [o.n.i.d.DiagnosticsManager]     neostore.relationshiptypestore.db.64.cacheprof: 2019-08-29T18:39:19+0000 - 21.00 B
2019-08-29 18:40:40.635+0000 INFO [o.n.i.d.DiagnosticsManager]     neostore.relationshiptypestore.db.names.64.cacheprof: 2019-08-29T18:39:19+0000 - 21.00 B
2019-08-29 18:40:40.636+0000 INFO [o.n.i.d.DiagnosticsManager]     neostore.schemastore.db.64.cacheprof: 2019-08-29T18:39:19+0000 - 21.00 B
2019-08-29 18:40:40.636+0000 INFO [o.n.i.d.DiagnosticsManager]   - Total: 2019-08-29T18:39:19+0000 - 378.00 B
2019-08-29 18:40:40.636+0000 INFO [o.n.i.d.DiagnosticsManager]   schema:
2019-08-29 18:40:40.636+0000 INFO [o.n.i.d.DiagnosticsManager]     index:
2019-08-29 18:40:40.636+0000 INFO [o.n.i.d.DiagnosticsManager]       native-btree-1.0:
2019-08-29 18:40:40.637+0000 INFO [o.n.i.d.DiagnosticsManager]         31:
2019-08-29 18:40:40.637+0000 INFO [o.n.i.d.DiagnosticsManager]           index-31: 2019-08-29T18:40:40+0000 - 48.00 kB
2019-08-29 18:40:40.637+0000 INFO [o.n.i.d.DiagnosticsManager]           profiles:
2019-08-29 18:40:40.638+0000 INFO [o.n.i.d.DiagnosticsManager]             index-31.57.cacheprof: 2019-08-29T18:39:19+0000 - 21.00 B
2019-08-29 18:40:40.638+0000 INFO [o.n.i.d.DiagnosticsManager]           - Total: 2019-08-29T18:39:19+0000 - 21.00 B
2019-08-29 18:40:40.638+0000 INFO [o.n.i.d.DiagnosticsManager]         - Total: 2019-08-29T17:42:19+0000 - 48.02 kB
2019-08-29 18:40:40.638+0000 INFO [o.n.i.d.DiagnosticsManager]         38:
2019-08-29 18:40:40.639+0000 INFO [o.n.i.d.DiagnosticsManager]           index-38: 2019-08-29T18:40:40+0000 - 48.00 kB
2019-08-29 18:40:40.639+0000 INFO [o.n.i.d.DiagnosticsManager]           profiles:
2019-08-29 18:40:40.639+0000 INFO [o.n.i.d.DiagnosticsManager]             index-38.57.cacheprof: 2019-08-29T18:39:19+0000 - 21.00 B
2019-08-29 18:40:40.639+0000 INFO [o.n.i.d.DiagnosticsManager]           - Total: 2019-08-29T18:39:19+0000 - 21.00 B
2019-08-29 18:40:40.640+0000 INFO [o.n.i.d.DiagnosticsManager]         - Total: 2019-08-29T17:42:19+0000 - 48.02 kB
2019-08-29 18:40:40.640+0000 INFO [o.n.i.d.DiagnosticsManager]         45:
2019-08-29 18:40:40.640+0000 INFO [o.n.i.d.DiagnosticsManager]           index-45: 2019-08-29T18:40:40+0000 - 48.00 kB
2019-08-29 18:40:40.640+0000 INFO [o.n.i.d.DiagnosticsManager]           profiles:
2019-08-29 18:40:40.641+0000 INFO [o.n.i.d.DiagnosticsManager]             index-45.57.cacheprof: 2019-08-29T18:39:19+0000 - 21.00 B
2019-08-29 18:40:40.641+0000 INFO [o.n.i.d.DiagnosticsManager]           - Total: 2019-08-29T18:39:19+0000 - 21.00 B
2019-08-29 18:40:40.641+0000 INFO [o.n.i.d.DiagnosticsManager]         - Total: 2019-08-29T17:42:19+0000 - 48.02 kB
2019-08-29 18:40:40.641+0000 INFO [o.n.i.d.DiagnosticsManager]         52:
2019-08-29 18:40:40.641+0000 INFO [o.n.i.d.DiagnosticsManager]           index-52: 2019-08-29T18:40:40+0000 - 48.00 kB
2019-08-29 18:40:40.642+0000 INFO [o.n.i.d.DiagnosticsManager]           profiles:
2019-08-29 18:40:40.642+0000 INFO [o.n.i.d.DiagnosticsManager]             index-52.57.cacheprof: 2019-08-29T18:39:19+0000 - 21.00 B
2019-08-29 18:40:40.642+0000 INFO [o.n.i.d.DiagnosticsManager]           - Total: 2019-08-29T18:39:19+0000 - 21.00 B
2019-08-29 18:40:40.643+0000 INFO [o.n.i.d.DiagnosticsManager]         - Total: 2019-08-29T17:42:19+0000 - 48.02 kB
2019-08-29 18:40:40.643+0000 INFO [o.n.i.d.DiagnosticsManager]         59:
2019-08-29 18:40:40.643+0000 INFO [o.n.i.d.DiagnosticsManager]           index-59: 2019-08-29T18:40:40+0000 - 48.00 kB
2019-08-29 18:40:40.643+0000 INFO [o.n.i.d.DiagnosticsManager]           profiles:
2019-08-29 18:40:40.644+0000 INFO [o.n.i.d.DiagnosticsManager]             index-59.57.cacheprof: 2019-08-29T18:39:19+0000 - 21.00 B
2019-08-29 18:40:40.644+0000 INFO [o.n.i.d.DiagnosticsManager]           - Total: 2019-08-29T18:39:19+0000 - 21.00 B
2019-08-29 18:40:40.644+0000 INFO [o.n.i.d.DiagnosticsManager]         - Total: 2019-08-29T17:42:19+0000 - 48.02 kB
2019-08-29 18:40:40.644+0000 INFO [o.n.i.d.DiagnosticsManager]         66:
2019-08-29 18:40:40.645+0000 INFO [o.n.i.d.DiagnosticsManager]           index-66: 2019-08-29T18:40:40+0000 - 48.00 kB
2019-08-29 18:40:40.645+0000 INFO [o.n.i.d.DiagnosticsManager]           profiles:
2019-08-29 18:40:40.645+0000 INFO [o.n.i.d.DiagnosticsManager]             index-66.56.cacheprof: 2019-08-29T18:39:19+0000 - 21.00 B
2019-08-29 18:40:40.645+0000 INFO [o.n.i.d.DiagnosticsManager]           - Total: 2019-08-29T18:39:19+0000 - 21.00 B
2019-08-29 18:40:40.646+0000 INFO [o.n.i.d.DiagnosticsManager]         - Total: 2019-08-29T17:43:19+0000 - 48.02 kB
2019-08-29 18:40:40.646+0000 INFO [o.n.i.d.DiagnosticsManager]         73:
2019-08-29 18:40:40.646+0000 INFO [o.n.i.d.DiagnosticsManager]           index-73: 2019-08-29T18:40:40+0000 - 48.00 kB
2019-08-29 18:40:40.646+0000 INFO [o.n.i.d.DiagnosticsManager]           profiles:
2019-08-29 18:40:40.647+0000 INFO [o.n.i.d.DiagnosticsManager]             index-73.56.cacheprof: 2019-08-29T18:39:19+0000 - 21.00 B
2019-08-29 18:40:40.647+0000 INFO [o.n.i.d.DiagnosticsManager]           - Total: 2019-08-29T18:39:19+0000 - 21.00 B
2019-08-29 18:40:40.647+0000 INFO [o.n.i.d.DiagnosticsManager]         - Total: 2019-08-29T17:43:19+0000 - 48.02 kB
2019-08-29 18:40:40.647+0000 INFO [o.n.i.d.DiagnosticsManager]         80:
2019-08-29 18:40:40.648+0000 INFO [o.n.i.d.DiagnosticsManager]           index-80: 2019-08-29T18:40:40+0000 - 48.00 kB
2019-08-29 18:40:40.648+0000 INFO [o.n.i.d.DiagnosticsManager]           profiles:
2019-08-29 18:40:40.648+0000 INFO [o.n.i.d.DiagnosticsManager]             index-80.56.cacheprof: 2019-08-29T18:39:19+0000 - 21.00 B
2019-08-29 18:40:40.648+0000 INFO [o.n.i.d.DiagnosticsManager]           - Total: 2019-08-29T18:39:19+0000 - 21.00 B
2019-08-29 18:40:40.649+0000 INFO [o.n.i.d.DiagnosticsManager]         - Total: 2019-08-29T17:43:19+0000 - 48.02 kB
2019-08-29 18:40:40.649+0000 INFO [o.n.i.d.DiagnosticsManager]         87:
2019-08-29 18:40:40.649+0000 INFO [o.n.i.d.DiagnosticsManager]           index-87: 2019-08-29T18:40:40+0000 - 48.00 kB
2019-08-29 18:40:40.650+0000 INFO [o.n.i.d.DiagnosticsManager]           profiles:
2019-08-29 18:40:40.650+0000 INFO [o.n.i.d.DiagnosticsManager]             index-87.55.cacheprof: 2019-08-29T18:39:19+0000 - 21.00 B
2019-08-29 18:40:40.650+0000 INFO [o.n.i.d.DiagnosticsManager]           - Total: 2019-08-29T18:39:19+0000 - 21.00 B
2019-08-29 18:40:40.650+0000 INFO [o.n.i.d.DiagnosticsManager]         - Total: 2019-08-29T17:44:19+0000 - 48.02 kB
2019-08-29 18:40:40.651+0000 INFO [o.n.i.d.DiagnosticsManager]         94:
2019-08-29 18:40:40.651+0000 INFO [o.n.i.d.DiagnosticsManager]           index-94: 2019-08-29T18:40:40+0000 - 48.00 kB
2019-08-29 18:40:40.651+0000 INFO [o.n.i.d.DiagnosticsManager]           profiles:
2019-08-29 18:40:40.651+0000 INFO [o.n.i.d.DiagnosticsManager]             index-94.55.cacheprof: 2019-08-29T18:39:19+0000 - 21.00 B
2019-08-29 18:40:40.652+0000 INFO [o.n.i.d.DiagnosticsManager]           - Total: 2019-08-29T18:39:19+0000 - 21.00 B
2019-08-29 18:40:40.652+0000 INFO [o.n.i.d.DiagnosticsManager]         - Total: 2019-08-29T17:44:19+0000 - 48.02 kB
2019-08-29 18:40:40.652+0000 INFO [o.n.i.d.DiagnosticsManager]       - Total: 2019-08-29T17:43:54+0000 - 480.21 kB
2019-08-29 18:40:40.652+0000 INFO [o.n.i.d.DiagnosticsManager]     - Total: 2019-08-29T17:41:28+0000 - 480.21 kB
2019-08-29 18:40:40.653+0000 INFO [o.n.i.d.DiagnosticsManager]   - Total: 2019-08-29T17:41:28+0000 - 480.21 kB
2019-08-29 18:40:40.653+0000 INFO [o.n.i.d.DiagnosticsManager] Storage summary: 
2019-08-29 18:40:40.653+0000 INFO [o.n.i.d.DiagnosticsManager]   Total size of store: 651.65 kB
2019-08-29 18:40:40.653+0000 INFO [o.n.i.d.DiagnosticsManager]   Total size of mapped files: 632.17 kB
2019-08-29 18:40:40.653+0000 INFO [o.n.i.d.DiagnosticsManager] --- STARTED diagnostics for KernelDiagnostics:StoreFiles END ---
2019-08-29 18:40:40.654+0000 INFO [o.n.k.a.DatabaseAvailabilityGuard] Fulfilling of requirement 'Database available' makes database graph.db available.
2019-08-29 18:40:40.654+0000 INFO [o.n.k.a.DatabaseAvailabilityGuard] Database graph.db is ready.
2019-08-29 18:40:40.656+0000 INFO [o.n.k.i.DatabaseHealth] Database health set to OK
2019-08-29 18:40:40.658+0000 INFO [o.n.k.i.p.PageCacheWarmer] Page cache warmup started.
2019-08-29 18:40:40.716+0000 INFO [o.n.k.i.p.PageCacheWarmer] Page cache warmup completed. 45 pages loaded. Duration: 57ms.
2019-08-29 18:40:40.794+0000 INFO [o.n.m.MetricsExtension] Sending metrics to CSV file at /var/lib/neo4j/metrics
2019-08-29 18:40:41.678+0000 INFO [o.n.b.BoltServer] Bolt server loaded
2019-08-29 18:40:41.956+0000 INFO [o.n.b.BoltServer] Bolt enabled on 0.0.0.0:7687.
2019-08-29 18:40:43.815+0000 WARN [o.n.m.s.s.ServerMetrics] Server thread metrics not available (missing neo4j.server.threads.jetty.all)
2019-08-29 18:40:43.815+0000 WARN [o.n.m.s.s.ServerMetrics] Server thread metrics not available (missing neo4j.server.threads.jetty.idle)
2019-08-29 18:40:45.333+0000 INFO [o.n.i.d.DiagnosticsManager] --- SERVER STARTED START ---
2019-08-29 18:40:45.810+0000 INFO [o.n.m.s.s.ServerMetrics] Server thread metrics have been registered successfully
2019-08-29 18:40:47.254+0000 INFO [o.n.i.d.DiagnosticsManager] --- SERVER STARTED END ---
2019-08-29 18:40:48.929+0000 WARN [o.n.b.r.MetricsReportingBoltConnection] The client is unauthorized due to authentication failure.
